2024-02-13 17:21:46,963 [Worker-4: Loading available Gradle versions] INFO  o.e.b.c.i.u.g.PublishedGradleVersions - Gradle version information cache is up-to-date. Trying to read.
2024-02-13 22:34:28,904 [Worker-1: Loading available Gradle versions] INFO  o.e.b.c.i.u.g.PublishedGradleVersions - Gradle version information cache is up-to-date. Trying to read.
2024-02-13 22:38:18,561 [Worker-11: Import Getting Started Content] INFO  o.e.m.c.i.l.LifecycleMappingFactory - Using org.eclipse.m2e.jdt.JarLifecycleMapping lifecycle mapping for MavenProject: org.nadim:01.SpringCloud-ActiveMQProducerApp:0.0.1-SNAPSHOT @ E:\Workspace_SBMS_Raghu\08. Message Queue\01.SpringCloud-ActiveMQProducerApp\pom.xml.
2024-02-13 22:38:20,386 [Worker-11: Import Getting Started Content] INFO  o.e.m.c.i.e.AbstractTransferListenerAdapter - Downloading https://repo.maven.apache.org/maven2/org/springframework/boot/spring-boot-starter-activemq/3.2.2/spring-boot-starter-activemq-3.2.2.pom
2024-02-13 22:38:20,509 [Worker-11: Import Getting Started Content] INFO  o.e.m.c.i.e.AbstractTransferListenerAdapter - Downloaded https://repo.maven.apache.org/maven2/org/springframework/boot/spring-boot-starter-activemq/3.2.2/spring-boot-starter-activemq-3.2.2.pom
2024-02-13 22:38:20,824 [Worker-11: Import Getting Started Content] INFO  o.e.m.c.i.e.AbstractTransferListenerAdapter - Downloading https://repo.maven.apache.org/maven2/org/springframework/spring-jms/6.1.3/spring-jms-6.1.3.pom
2024-02-13 22:38:20,908 [Worker-11: Import Getting Started Content] INFO  o.e.m.c.i.e.AbstractTransferListenerAdapter - Downloaded https://repo.maven.apache.org/maven2/org/springframework/spring-jms/6.1.3/spring-jms-6.1.3.pom
2024-02-13 22:38:20,982 [Worker-11: Import Getting Started Content] INFO  o.e.m.c.i.e.AbstractTransferListenerAdapter - Downloading https://repo.maven.apache.org/maven2/org/springframework/spring-messaging/6.1.3/spring-messaging-6.1.3.pom
2024-02-13 22:38:21,067 [Worker-11: Import Getting Started Content] INFO  o.e.m.c.i.e.AbstractTransferListenerAdapter - Downloaded https://repo.maven.apache.org/maven2/org/springframework/spring-messaging/6.1.3/spring-messaging-6.1.3.pom
2024-02-13 22:38:21,176 [Worker-11: Import Getting Started Content] INFO  o.e.m.c.i.e.AbstractTransferListenerAdapter - Downloading https://repo.maven.apache.org/maven2/org/springframework/spring-tx/6.1.3/spring-tx-6.1.3.pom
2024-02-13 22:38:21,269 [Worker-11: Import Getting Started Content] INFO  o.e.m.c.i.e.AbstractTransferListenerAdapter - Downloaded https://repo.maven.apache.org/maven2/org/springframework/spring-tx/6.1.3/spring-tx-6.1.3.pom
2024-02-13 22:38:21,374 [Worker-11: Import Getting Started Content] INFO  o.e.m.c.i.e.AbstractTransferListenerAdapter - Downloading https://repo.maven.apache.org/maven2/org/apache/activemq/activemq-client-jakarta/5.18.3/activemq-client-jakarta-5.18.3.pom
2024-02-13 22:38:21,481 [Worker-11: Import Getting Started Content] INFO  o.e.m.c.i.e.AbstractTransferListenerAdapter - Downloaded https://repo.maven.apache.org/maven2/org/apache/activemq/activemq-client-jakarta/5.18.3/activemq-client-jakarta-5.18.3.pom
2024-02-13 22:38:21,578 [Worker-11: Import Getting Started Content] INFO  o.e.m.c.i.e.AbstractTransferListenerAdapter - Downloading https://repo.maven.apache.org/maven2/org/apache/activemq/activemq-parent/5.18.3/activemq-parent-5.18.3.pom
2024-02-13 22:38:21,736 [Worker-11: Import Getting Started Content] INFO  o.e.m.c.i.e.AbstractTransferListenerAdapter - Downloaded https://repo.maven.apache.org/maven2/org/apache/activemq/activemq-parent/5.18.3/activemq-parent-5.18.3.pom
2024-02-13 22:38:21,816 [Worker-11: Import Getting Started Content] INFO  o.e.m.c.i.e.AbstractTransferListenerAdapter - Downloading https://repo.maven.apache.org/maven2/jakarta/jms/jakarta.jms-api/3.1.0/jakarta.jms-api-3.1.0.pom
2024-02-13 22:38:21,897 [Worker-11: Import Getting Started Content] INFO  o.e.m.c.i.e.AbstractTransferListenerAdapter - Downloaded https://repo.maven.apache.org/maven2/jakarta/jms/jakarta.jms-api/3.1.0/jakarta.jms-api-3.1.0.pom
2024-02-13 22:38:21,990 [Worker-11: Import Getting Started Content] INFO  o.e.m.c.i.e.AbstractTransferListenerAdapter - Downloading https://repo.maven.apache.org/maven2/org/fusesource/hawtbuf/hawtbuf/1.11/hawtbuf-1.11.pom
2024-02-13 22:38:22,064 [Worker-11: Import Getting Started Content] INFO  o.e.m.c.i.e.AbstractTransferListenerAdapter - Downloaded https://repo.maven.apache.org/maven2/org/fusesource/hawtbuf/hawtbuf/1.11/hawtbuf-1.11.pom
2024-02-13 22:38:22,145 [Worker-11: Import Getting Started Content] INFO  o.e.m.c.i.e.AbstractTransferListenerAdapter - Downloading https://repo.maven.apache.org/maven2/org/fusesource/hawtbuf/hawtbuf-project/1.11/hawtbuf-project-1.11.pom
2024-02-13 22:38:22,233 [Worker-11: Import Getting Started Content] INFO  o.e.m.c.i.e.AbstractTransferListenerAdapter - Downloaded https://repo.maven.apache.org/maven2/org/fusesource/hawtbuf/hawtbuf-project/1.11/hawtbuf-project-1.11.pom
2024-02-13 22:38:22,311 [Worker-11: Import Getting Started Content] INFO  o.e.m.c.i.e.AbstractTransferListenerAdapter - Downloading https://repo.maven.apache.org/maven2/org/fusesource/fusesource-pom/1.10/fusesource-pom-1.10.pom
2024-02-13 22:38:22,378 [Worker-11: Import Getting Started Content] INFO  o.e.m.c.i.e.AbstractTransferListenerAdapter - Downloaded https://repo.maven.apache.org/maven2/org/fusesource/fusesource-pom/1.10/fusesource-pom-1.10.pom
2024-02-13 22:38:22,774 [AetherRepositoryConnector-repo.maven.apache.org-0-0] INFO  o.e.m.c.i.e.AbstractTransferListenerAdapter - Downloading https://repo.maven.apache.org/maven2/org/springframework/boot/spring-boot-starter-activemq/3.2.2/spring-boot-starter-activemq-3.2.2.jar
2024-02-13 22:38:22,833 [AetherRepositoryConnector-repo.maven.apache.org-0-1] INFO  o.e.m.c.i.e.AbstractTransferListenerAdapter - Downloading https://repo.maven.apache.org/maven2/org/springframework/spring-jms/6.1.3/spring-jms-6.1.3.jar
2024-02-13 22:38:22,855 [AetherRepositoryConnector-repo.maven.apache.org-0-2] INFO  o.e.m.c.i.e.AbstractTransferListenerAdapter - Downloading https://repo.maven.apache.org/maven2/org/springframework/spring-messaging/6.1.3/spring-messaging-6.1.3.jar
2024-02-13 22:38:22,994 [AetherRepositoryConnector-repo.maven.apache.org-0-4] INFO  o.e.m.c.i.e.AbstractTransferListenerAdapter - Downloading https://repo.maven.apache.org/maven2/org/apache/activemq/activemq-client-jakarta/5.18.3/activemq-client-jakarta-5.18.3.jar
2024-02-13 22:38:22,994 [AetherRepositoryConnector-repo.maven.apache.org-0-3] INFO  o.e.m.c.i.e.AbstractTransferListenerAdapter - Downloading https://repo.maven.apache.org/maven2/org/springframework/spring-tx/6.1.3/spring-tx-6.1.3.jar
2024-02-13 22:38:23,551 [AetherRepositoryConnector-repo.maven.apache.org-0-0] INFO  o.e.m.c.i.e.AbstractTransferListenerAdapter - Downloaded https://repo.maven.apache.org/maven2/org/springframework/boot/spring-boot-starter-activemq/3.2.2/spring-boot-starter-activemq-3.2.2.jar
2024-02-13 22:38:24,415 [AetherRepositoryConnector-repo.maven.apache.org-0-0] INFO  o.e.m.c.i.e.AbstractTransferListenerAdapter - Downloading https://repo.maven.apache.org/maven2/jakarta/jms/jakarta.jms-api/3.1.0/jakarta.jms-api-3.1.0.jar
2024-02-13 22:38:24,649 [AetherRepositoryConnector-repo.maven.apache.org-0-1] INFO  o.e.m.c.i.e.AbstractTransferListenerAdapter - Downloaded https://repo.maven.apache.org/maven2/org/springframework/spring-jms/6.1.3/spring-jms-6.1.3.jar
2024-02-13 22:38:25,632 [AetherRepositoryConnector-repo.maven.apache.org-0-3] INFO  o.e.m.c.i.e.AbstractTransferListenerAdapter - Downloaded https://repo.maven.apache.org/maven2/org/springframework/spring-tx/6.1.3/spring-tx-6.1.3.jar
2024-02-13 22:38:26,241 [AetherRepositoryConnector-repo.maven.apache.org-0-1] INFO  o.e.m.c.i.e.AbstractTransferListenerAdapter - Downloading https://repo.maven.apache.org/maven2/org/fusesource/hawtbuf/hawtbuf/1.11/hawtbuf-1.11.jar
2024-02-13 22:38:26,243 [AetherRepositoryConnector-repo.maven.apache.org-0-0] INFO  o.e.m.c.i.e.AbstractTransferListenerAdapter - Downloaded https://repo.maven.apache.org/maven2/jakarta/jms/jakarta.jms-api/3.1.0/jakarta.jms-api-3.1.0.jar
2024-02-13 22:38:26,947 [AetherRepositoryConnector-repo.maven.apache.org-0-2] INFO  o.e.m.c.i.e.AbstractTransferListenerAdapter - Downloaded https://repo.maven.apache.org/maven2/org/springframework/spring-messaging/6.1.3/spring-messaging-6.1.3.jar
2024-02-13 22:38:27,002 [AetherRepositoryConnector-repo.maven.apache.org-0-1] INFO  o.e.m.c.i.e.AbstractTransferListenerAdapter - Downloaded https://repo.maven.apache.org/maven2/org/fusesource/hawtbuf/hawtbuf/1.11/hawtbuf-1.11.jar
2024-02-13 22:38:28,210 [AetherRepositoryConnector-repo.maven.apache.org-0-4] INFO  o.e.m.c.i.e.AbstractTransferListenerAdapter - Downloaded https://repo.maven.apache.org/maven2/org/apache/activemq/activemq-client-jakarta/5.18.3/activemq-client-jakarta-5.18.3.jar
2024-02-13 22:38:29,599 [Worker-11: Import Getting Started Content] INFO  o.e.m.j.i.AbstractJavaProjectConfigurator - Adding source folder /01.SpringCloud-ActiveMQProducerApp/src/main/java
2024-02-13 22:38:29,599 [Worker-11: Import Getting Started Content] INFO  o.e.m.j.i.AbstractJavaProjectConfigurator - Adding resource folder /01.SpringCloud-ActiveMQProducerApp/src/main/resources
2024-02-13 22:38:29,616 [Worker-11: Import Getting Started Content] INFO  o.e.m.j.i.AbstractJavaProjectConfigurator - Adding resource folder /01.SpringCloud-ActiveMQProducerApp/src/main/resources
2024-02-13 22:38:29,633 [Worker-11: Import Getting Started Content] INFO  o.e.m.j.i.AbstractJavaProjectConfigurator - Adding source folder /01.SpringCloud-ActiveMQProducerApp/src/test/java
2024-02-13 22:38:29,634 [Worker-11: Import Getting Started Content] INFO  o.e.m.j.i.AbstractJavaProjectConfigurator - Adding resource folder /01.SpringCloud-ActiveMQProducerApp/src/test/resources
2024-02-13 22:38:30,363 [Worker-7: Download sources and javadoc] INFO  o.e.m.c.i.e.AbstractTransferListenerAdapter - Downloading https://repo.maven.apache.org/maven2/org/springframework/boot/spring-boot-starter-activemq/3.2.2/spring-boot-starter-activemq-3.2.2-sources.jar
2024-02-13 22:38:30,621 [Worker-11: Import Getting Started Content] INFO  o.e.m.c.i.p.ProjectConfigurationManager - Imported and configured 1 project(s) in 15 sec
2024-02-13 22:38:30,626 [Worker-11: Import Getting Started Content] INFO  o.e.m.c.i.p.ProjectConfigurationManager - Update started
2024-02-13 22:38:30,689 [Worker-7: Download sources and javadoc] INFO  o.e.m.c.i.e.AbstractTransferListenerAdapter - Downloaded https://repo.maven.apache.org/maven2/org/springframework/boot/spring-boot-starter-activemq/3.2.2/spring-boot-starter-activemq-3.2.2-sources.jar
2024-02-13 22:38:30,695 [Worker-7: Download sources and javadoc] INFO  o.e.m.j.internal.DownloadSourcesJob - Downloaded sources for org.springframework.boot:spring-boot-starter-activemq:3.2.2
2024-02-13 22:38:32,561 [Worker-11: Import Getting Started Content] INFO  o.e.m.c.i.l.LifecycleMappingFactory - Using org.eclipse.m2e.jdt.JarLifecycleMapping lifecycle mapping for MavenProject: org.nadim:01.SpringCloud-ActiveMQProducerApp:0.0.1-SNAPSHOT @ E:\Workspace_SBMS_Raghu\08. Message Queue\01.SpringCloud-ActiveMQProducerApp\pom.xml.
2024-02-13 22:38:32,664 [Worker-7: Download sources and javadoc] INFO  o.e.m.c.i.e.AbstractTransferListenerAdapter - Downloading https://repo.maven.apache.org/maven2/org/springframework/spring-jms/6.1.3/spring-jms-6.1.3-sources.jar
2024-02-13 22:38:32,991 [Worker-7: Download sources and javadoc] INFO  o.e.m.c.i.e.AbstractTransferListenerAdapter - Downloaded https://repo.maven.apache.org/maven2/org/springframework/spring-jms/6.1.3/spring-jms-6.1.3-sources.jar
2024-02-13 22:38:32,999 [Worker-7: Download sources and javadoc] INFO  o.e.m.j.internal.DownloadSourcesJob - Downloaded sources for org.springframework:spring-jms:6.1.3
2024-02-13 22:38:33,392 [Worker-7: Download sources and javadoc] INFO  o.e.m.c.i.e.AbstractTransferListenerAdapter - Downloading https://repo.maven.apache.org/maven2/org/springframework/spring-messaging/6.1.3/spring-messaging-6.1.3-sources.jar
2024-02-13 22:38:33,828 [Worker-11: Import Getting Started Content] INFO  o.e.m.j.i.AbstractJavaProjectConfigurator - Adding source folder /01.SpringCloud-ActiveMQProducerApp/src/main/java
2024-02-13 22:38:33,829 [Worker-11: Import Getting Started Content] INFO  o.e.m.j.i.AbstractJavaProjectConfigurator - Adding resource folder /01.SpringCloud-ActiveMQProducerApp/src/main/resources
2024-02-13 22:38:33,829 [Worker-11: Import Getting Started Content] INFO  o.e.m.j.i.AbstractJavaProjectConfigurator - Adding resource folder /01.SpringCloud-ActiveMQProducerApp/src/main/resources
2024-02-13 22:38:33,831 [Worker-11: Import Getting Started Content] INFO  o.e.m.j.i.AbstractJavaProjectConfigurator - Adding source folder /01.SpringCloud-ActiveMQProducerApp/src/test/java
2024-02-13 22:38:33,831 [Worker-11: Import Getting Started Content] INFO  o.e.m.j.i.AbstractJavaProjectConfigurator - Adding resource folder /01.SpringCloud-ActiveMQProducerApp/src/test/resources
2024-02-13 22:38:34,080 [Worker-7: Download sources and javadoc] INFO  o.e.m.c.i.e.AbstractTransferListenerAdapter - Downloaded https://repo.maven.apache.org/maven2/org/springframework/spring-messaging/6.1.3/spring-messaging-6.1.3-sources.jar
2024-02-13 22:38:34,086 [Worker-7: Download sources and javadoc] INFO  o.e.m.j.internal.DownloadSourcesJob - Downloaded sources for org.springframework:spring-messaging:6.1.3
2024-02-13 22:38:34,403 [Worker-7: Download sources and javadoc] INFO  o.e.m.c.i.e.AbstractTransferListenerAdapter - Downloading https://repo.maven.apache.org/maven2/org/springframework/spring-tx/6.1.3/spring-tx-6.1.3-sources.jar
2024-02-13 22:38:34,909 [Worker-11: Import Getting Started Content] INFO  o.e.m.c.i.p.ProjectConfigurationManager - Update completed for 1 poms: local refresh takes 0.00 sec, refresh facades takes 3.00 sec, update config takes 0.00 sec 
2024-02-13 22:38:34,922 [Worker-7: Download sources and javadoc] INFO  o.e.m.c.i.e.AbstractTransferListenerAdapter - Downloaded https://repo.maven.apache.org/maven2/org/springframework/spring-tx/6.1.3/spring-tx-6.1.3-sources.jar
2024-02-13 22:38:34,928 [Worker-7: Download sources and javadoc] INFO  o.e.m.j.internal.DownloadSourcesJob - Downloaded sources for org.springframework:spring-tx:6.1.3
2024-02-13 22:38:35,202 [Worker-7: Download sources and javadoc] INFO  o.e.m.c.i.e.AbstractTransferListenerAdapter - Downloading https://repo.maven.apache.org/maven2/org/apache/activemq/activemq-client-jakarta/5.18.3/activemq-client-jakarta-5.18.3-sources.jar
2024-02-13 22:38:36,254 [Worker-13: Building] INFO  o.a.m.s.f.DefaultMavenResourcesFiltering - Copying 1 resource from src\main\resources to target\classes
2024-02-13 22:38:36,298 [Worker-13: Building] INFO  o.a.m.s.f.DefaultMavenResourcesFiltering - Copying 0 resource from src\main\resources to target\classes
2024-02-13 22:38:36,313 [Worker-13: Building] INFO  o.a.m.s.f.DefaultMavenResourcesFiltering - skip non existing resourceDirectory E:\Workspace_SBMS_Raghu\08. Message Queue\01.SpringCloud-ActiveMQProducerApp\src\test\resources
2024-02-13 22:38:36,966 [Worker-7: Download sources and javadoc] INFO  o.e.m.c.i.e.AbstractTransferListenerAdapter - Downloaded https://repo.maven.apache.org/maven2/org/apache/activemq/activemq-client-jakarta/5.18.3/activemq-client-jakarta-5.18.3-sources.jar
2024-02-13 22:38:36,972 [Worker-7: Download sources and javadoc] INFO  o.e.m.j.internal.DownloadSourcesJob - Downloaded sources for org.apache.activemq:activemq-client-jakarta:5.18.3
2024-02-13 22:38:37,250 [Worker-7: Download sources and javadoc] INFO  o.e.m.c.i.e.AbstractTransferListenerAdapter - Downloading https://repo.maven.apache.org/maven2/jakarta/jms/jakarta.jms-api/3.1.0/jakarta.jms-api-3.1.0-sources.jar
2024-02-13 22:38:37,453 [Worker-7: Download sources and javadoc] INFO  o.e.m.c.i.e.AbstractTransferListenerAdapter - Downloaded https://repo.maven.apache.org/maven2/jakarta/jms/jakarta.jms-api/3.1.0/jakarta.jms-api-3.1.0-sources.jar
2024-02-13 22:38:37,460 [Worker-7: Download sources and javadoc] INFO  o.e.m.j.internal.DownloadSourcesJob - Downloaded sources for jakarta.jms:jakarta.jms-api:3.1.0
2024-02-13 22:38:37,715 [Worker-7: Download sources and javadoc] INFO  o.e.m.c.i.e.AbstractTransferListenerAdapter - Downloading https://repo.maven.apache.org/maven2/org/fusesource/hawtbuf/hawtbuf/1.11/hawtbuf-1.11-sources.jar
2024-02-13 22:38:37,839 [Worker-7: Download sources and javadoc] INFO  o.e.m.c.i.e.AbstractTransferListenerAdapter - Downloaded https://repo.maven.apache.org/maven2/org/fusesource/hawtbuf/hawtbuf/1.11/hawtbuf-1.11-sources.jar
2024-02-13 22:38:37,845 [Worker-7: Download sources and javadoc] INFO  o.e.m.j.internal.DownloadSourcesJob - Downloaded sources for org.fusesource.hawtbuf:hawtbuf:1.11
2024-02-13 22:49:19,082 [Worker-15: Building] INFO  o.a.m.s.f.DefaultMavenResourcesFiltering - Copying 1 resource from src\main\resources to target\classes
2024-02-13 22:49:19,105 [Worker-15: Building] INFO  o.a.m.s.f.DefaultMavenResourcesFiltering - Copying 0 resource from src\main\resources to target\classes
2024-02-13 22:49:19,110 [Worker-15: Building] INFO  o.a.m.s.f.DefaultMavenResourcesFiltering - skip non existing resourceDirectory E:\Workspace_SBMS_Raghu\08. Message Queue\01.SpringCloud-ActiveMQProducerApp\src\test\resources
2024-02-13 22:49:57,971 [Worker-4: Building] INFO  o.a.m.s.f.DefaultMavenResourcesFiltering - Copying 1 resource from src\main\resources to target\classes
2024-02-13 22:49:57,985 [Worker-4: Building] INFO  o.a.m.s.f.DefaultMavenResourcesFiltering - Copying 0 resource from src\main\resources to target\classes
2024-02-13 22:49:57,993 [Worker-4: Building] INFO  o.a.m.s.f.DefaultMavenResourcesFiltering - skip non existing resourceDirectory E:\Workspace_SBMS_Raghu\08. Message Queue\01.SpringCloud-ActiveMQProducerApp\src\test\resources
2024-02-13 22:50:29,445 [Worker-19: Building] INFO  o.a.m.s.f.DefaultMavenResourcesFiltering - Copying 1 resource from src\main\resources to target\classes
2024-02-13 22:50:29,494 [Worker-19: Building] INFO  o.a.m.s.f.DefaultMavenResourcesFiltering - Copying 0 resource from src\main\resources to target\classes
2024-02-13 22:50:29,500 [Worker-19: Building] INFO  o.a.m.s.f.DefaultMavenResourcesFiltering - skip non existing resourceDirectory E:\Workspace_SBMS_Raghu\08. Message Queue\01.SpringCloud-ActiveMQProducerApp\src\test\resources
2024-02-13 22:51:53,187 [Worker-4: Building] INFO  o.a.m.s.f.DefaultMavenResourcesFiltering - Copying 1 resource from src\main\resources to target\classes
2024-02-13 22:51:53,201 [Worker-4: Building] INFO  o.a.m.s.f.DefaultMavenResourcesFiltering - Copying 0 resource from src\main\resources to target\classes
2024-02-13 22:51:53,210 [Worker-4: Building] INFO  o.a.m.s.f.DefaultMavenResourcesFiltering - skip non existing resourceDirectory E:\Workspace_SBMS_Raghu\08. Message Queue\01.SpringCloud-ActiveMQProducerApp\src\test\resources
2024-02-13 22:52:49,606 [Worker-4: Building] INFO  o.a.m.s.f.DefaultMavenResourcesFiltering - Copying 1 resource from src\main\resources to target\classes
2024-02-13 22:52:49,617 [Worker-4: Building] INFO  o.a.m.s.f.DefaultMavenResourcesFiltering - Copying 0 resource from src\main\resources to target\classes
2024-02-13 22:52:49,624 [Worker-4: Building] INFO  o.a.m.s.f.DefaultMavenResourcesFiltering - skip non existing resourceDirectory E:\Workspace_SBMS_Raghu\08. Message Queue\01.SpringCloud-ActiveMQProducerApp\src\test\resources
2024-02-13 22:53:29,363 [Worker-19: Building] INFO  o.a.m.s.f.DefaultMavenResourcesFiltering - Copying 1 resource from src\main\resources to target\classes
2024-02-13 22:53:29,372 [Worker-19: Building] INFO  o.a.m.s.f.DefaultMavenResourcesFiltering - Copying 0 resource from src\main\resources to target\classes
2024-02-13 22:53:29,376 [Worker-19: Building] INFO  o.a.m.s.f.DefaultMavenResourcesFiltering - skip non existing resourceDirectory E:\Workspace_SBMS_Raghu\08. Message Queue\01.SpringCloud-ActiveMQProducerApp\src\test\resources
2024-02-13 23:11:51,573 [Worker-4: Building] INFO  o.a.m.s.f.DefaultMavenResourcesFiltering - Copying 1 resource from src\main\resources to target\classes
2024-02-13 23:11:51,630 [Worker-4: Building] INFO  o.a.m.s.f.DefaultMavenResourcesFiltering - Copying 0 resource from src\main\resources to target\classes
2024-02-13 23:11:51,639 [Worker-4: Building] INFO  o.a.m.s.f.DefaultMavenResourcesFiltering - skip non existing resourceDirectory E:\Workspace_SBMS_Raghu\08. Message Queue\01.SpringCloud-ActiveMQProducerApp\src\test\resources
2024-02-13 23:15:01,248 [Worker-21: Building] INFO  o.a.m.s.f.DefaultMavenResourcesFiltering - Copying 1 resource from src\main\resources to target\classes
2024-02-13 23:15:01,293 [Worker-21: Building] INFO  o.a.m.s.f.DefaultMavenResourcesFiltering - Copying 0 resource from src\main\resources to target\classes
2024-02-13 23:15:01,301 [Worker-21: Building] INFO  o.a.m.s.f.DefaultMavenResourcesFiltering - skip non existing resourceDirectory E:\Workspace_SBMS_Raghu\08. Message Queue\01.SpringCloud-ActiveMQProducerApp\src\test\resources
2024-02-13 23:15:26,144 [Worker-22: Building] INFO  o.a.m.s.f.DefaultMavenResourcesFiltering - Copying 1 resource from src\main\resources to target\classes
2024-02-13 23:15:26,160 [Worker-22: Building] INFO  o.a.m.s.f.DefaultMavenResourcesFiltering - Copying 0 resource from src\main\resources to target\classes
2024-02-13 23:15:26,166 [Worker-22: Building] INFO  o.a.m.s.f.DefaultMavenResourcesFiltering - skip non existing resourceDirectory E:\Workspace_SBMS_Raghu\08. Message Queue\01.SpringCloud-ActiveMQProducerApp\src\test\resources
2024-02-13 23:18:05,155 [Worker-21: Launching 01.SpringCloud-ActiveMQProducerApp - Application] INFO  o.a.m.s.f.DefaultMavenResourcesFiltering - Copying 1 resource from src\main\resources to target\classes
2024-02-13 23:18:05,229 [Worker-21: Launching 01.SpringCloud-ActiveMQProducerApp - Application] INFO  o.a.m.s.f.DefaultMavenResourcesFiltering - Copying 0 resource from src\main\resources to target\classes
2024-02-13 23:18:05,233 [Worker-21: Launching 01.SpringCloud-ActiveMQProducerApp - Application] INFO  o.a.m.s.f.DefaultMavenResourcesFiltering - skip non existing resourceDirectory E:\Workspace_SBMS_Raghu\08. Message Queue\01.SpringCloud-ActiveMQProducerApp\src\test\resources
2024-02-13 23:19:57,930 [Worker-21: Building] INFO  o.e.m.c.i.l.LifecycleMappingFactory - Using org.eclipse.m2e.jdt.JarLifecycleMapping lifecycle mapping for MavenProject: org.nadim:01.SpringCloud-ActiveMQProducerApp:0.0.1-SNAPSHOT @ E:\Workspace_SBMS_Raghu\08. Message Queue\01.SpringCloud-ActiveMQProducerApp\pom.xml.
2024-02-13 23:19:59,822 [Worker-21: Building] INFO  o.a.m.s.f.DefaultMavenResourcesFiltering - Copying 0 resource from src\main\resources to target\classes
2024-02-13 23:19:59,826 [Worker-21: Building] INFO  o.a.m.s.f.DefaultMavenResourcesFiltering - Copying 0 resource from src\main\resources to target\classes
2024-02-13 23:19:59,834 [Worker-21: Building] INFO  o.a.m.s.f.DefaultMavenResourcesFiltering - skip non existing resourceDirectory E:\Workspace_SBMS_Raghu\08. Message Queue\01.SpringCloud-ActiveMQProducerApp\src\test\resources
2024-02-13 23:19:59,917 [Worker-21: Updating Maven Project] INFO  o.e.m.c.i.p.ProjectConfigurationManager - Update started
2024-02-13 23:20:01,275 [Worker-21: Updating Maven Project] INFO  o.e.m.c.i.l.LifecycleMappingFactory - Using org.eclipse.m2e.jdt.JarLifecycleMapping lifecycle mapping for MavenProject: org.nadim:01.SpringCloud-ActiveMQProducerApp:0.0.1-SNAPSHOT @ E:\Workspace_SBMS_Raghu\08. Message Queue\01.SpringCloud-ActiveMQProducerApp\pom.xml.
2024-02-13 23:20:03,934 [Worker-21: Updating Maven Project] INFO  o.e.m.j.i.AbstractJavaProjectConfigurator - Adding source folder /01.SpringCloud-ActiveMQProducerApp/src/main/java
2024-02-13 23:20:03,935 [Worker-21: Updating Maven Project] INFO  o.e.m.j.i.AbstractJavaProjectConfigurator - Adding resource folder /01.SpringCloud-ActiveMQProducerApp/src/main/resources
2024-02-13 23:20:03,935 [Worker-21: Updating Maven Project] INFO  o.e.m.j.i.AbstractJavaProjectConfigurator - Adding resource folder /01.SpringCloud-ActiveMQProducerApp/src/main/resources
2024-02-13 23:20:03,936 [Worker-21: Updating Maven Project] INFO  o.e.m.j.i.AbstractJavaProjectConfigurator - Adding source folder /01.SpringCloud-ActiveMQProducerApp/src/test/java
2024-02-13 23:20:03,936 [Worker-21: Updating Maven Project] INFO  o.e.m.j.i.AbstractJavaProjectConfigurator - Adding resource folder /01.SpringCloud-ActiveMQProducerApp/src/test/resources
2024-02-13 23:20:04,504 [Worker-21: Updating Maven Project] INFO  o.e.m.c.i.p.ProjectConfigurationManager - Update completed for 1 poms: local refresh takes 0.00 sec, refresh facades takes 2.00 sec, update config takes 2.00 sec 
2024-02-13 23:20:05,262 [Worker-28: Building] INFO  o.a.m.s.f.DefaultMavenResourcesFiltering - Copying 1 resource from src\main\resources to target\classes
2024-02-13 23:20:05,328 [Worker-28: Building] INFO  o.a.m.s.f.DefaultMavenResourcesFiltering - Copying 0 resource from src\main\resources to target\classes
2024-02-13 23:20:05,340 [Worker-28: Building] INFO  o.a.m.s.f.DefaultMavenResourcesFiltering - skip non existing resourceDirectory E:\Workspace_SBMS_Raghu\08. Message Queue\01.SpringCloud-ActiveMQProducerApp\src\test\resources
2024-02-13 23:20:19,377 [Worker-28: Updating Maven Project] INFO  o.e.m.c.i.p.ProjectConfigurationManager - Update started
2024-02-13 23:20:19,940 [Worker-28: Updating Maven Project] INFO  o.e.m.c.i.l.LifecycleMappingFactory - Using org.eclipse.m2e.jdt.JarLifecycleMapping lifecycle mapping for MavenProject: org.nadim:01.SpringCloud-ActiveMQProducerApp:0.0.1-SNAPSHOT @ E:\Workspace_SBMS_Raghu\08. Message Queue\01.SpringCloud-ActiveMQProducerApp\pom.xml.
2024-02-13 23:20:20,591 [Worker-28: Updating Maven Project] INFO  o.e.m.j.i.AbstractJavaProjectConfigurator - Adding source folder /01.SpringCloud-ActiveMQProducerApp/src/main/java
2024-02-13 23:20:20,591 [Worker-28: Updating Maven Project] INFO  o.e.m.j.i.AbstractJavaProjectConfigurator - Adding resource folder /01.SpringCloud-ActiveMQProducerApp/src/main/resources
2024-02-13 23:20:20,592 [Worker-28: Updating Maven Project] INFO  o.e.m.j.i.AbstractJavaProjectConfigurator - Adding resource folder /01.SpringCloud-ActiveMQProducerApp/src/main/resources
2024-02-13 23:20:20,592 [Worker-28: Updating Maven Project] INFO  o.e.m.j.i.AbstractJavaProjectConfigurator - Adding source folder /01.SpringCloud-ActiveMQProducerApp/src/test/java
2024-02-13 23:20:20,592 [Worker-28: Updating Maven Project] INFO  o.e.m.j.i.AbstractJavaProjectConfigurator - Adding resource folder /01.SpringCloud-ActiveMQProducerApp/src/test/resources
2024-02-13 23:20:20,966 [Worker-28: Updating Maven Project] INFO  o.e.m.c.i.p.ProjectConfigurationManager - Update completed for 1 poms: local refresh takes 0.00 sec, refresh facades takes 1.00 sec, update config takes 0.00 sec 
2024-02-13 23:20:21,453 [Worker-21: Building] INFO  o.a.m.s.f.DefaultMavenResourcesFiltering - Copying 1 resource from src\main\resources to target\classes
2024-02-13 23:20:21,474 [Worker-21: Building] INFO  o.a.m.s.f.DefaultMavenResourcesFiltering - Copying 0 resource from src\main\resources to target\classes
2024-02-13 23:20:21,481 [Worker-21: Building] INFO  o.a.m.s.f.DefaultMavenResourcesFiltering - skip non existing resourceDirectory E:\Workspace_SBMS_Raghu\08. Message Queue\01.SpringCloud-ActiveMQProducerApp\src\test\resources
2024-02-13 23:22:16,624 [Worker-27: Building] INFO  o.a.m.s.f.DefaultMavenResourcesFiltering - Copying 1 resource from src\main\resources to target\classes
2024-02-13 23:22:16,669 [Worker-27: Building] INFO  o.a.m.s.f.DefaultMavenResourcesFiltering - Copying 0 resource from src\main\resources to target\classes
2024-02-13 23:22:16,674 [Worker-27: Building] INFO  o.a.m.s.f.DefaultMavenResourcesFiltering - skip non existing resourceDirectory E:\Workspace_SBMS_Raghu\08. Message Queue\01.SpringCloud-ActiveMQProducerApp\src\test\resources
2024-02-13 23:23:51,907 [Worker-33: Building] INFO  o.a.m.s.f.DefaultMavenResourcesFiltering - Copying 1 resource from src\main\resources to target\classes
2024-02-13 23:23:51,917 [Worker-33: Building] INFO  o.a.m.s.f.DefaultMavenResourcesFiltering - Copying 0 resource from src\main\resources to target\classes
2024-02-13 23:23:51,922 [Worker-33: Building] INFO  o.a.m.s.f.DefaultMavenResourcesFiltering - skip non existing resourceDirectory E:\Workspace_SBMS_Raghu\08. Message Queue\01.SpringCloud-ActiveMQProducerApp\src\test\resources
2024-02-13 23:25:09,661 [Worker-34: Building] INFO  o.a.m.s.f.DefaultMavenResourcesFiltering - Copying 1 resource from src\main\resources to target\classes
2024-02-13 23:25:09,673 [Worker-34: Building] INFO  o.a.m.s.f.DefaultMavenResourcesFiltering - Copying 0 resource from src\main\resources to target\classes
2024-02-13 23:25:09,677 [Worker-34: Building] INFO  o.a.m.s.f.DefaultMavenResourcesFiltering - skip non existing resourceDirectory E:\Workspace_SBMS_Raghu\08. Message Queue\01.SpringCloud-ActiveMQProducerApp\src\test\resources
2024-02-13 23:26:13,536 [Worker-33: Building] INFO  o.a.m.s.f.DefaultMavenResourcesFiltering - Copying 1 resource from src\main\resources to target\classes
2024-02-13 23:26:13,593 [Worker-33: Building] INFO  o.a.m.s.f.DefaultMavenResourcesFiltering - Copying 0 resource from src\main\resources to target\classes
2024-02-13 23:26:13,600 [Worker-33: Building] INFO  o.a.m.s.f.DefaultMavenResourcesFiltering - skip non existing resourceDirectory E:\Workspace_SBMS_Raghu\08. Message Queue\01.SpringCloud-ActiveMQProducerApp\src\test\resources
2024-02-13 23:26:25,723 [Worker-27: Launching 01.SpringCloud-ActiveMQProducerApp - Application] INFO  o.a.m.s.f.DefaultMavenResourcesFiltering - Copying 1 resource from src\main\resources to target\classes
2024-02-13 23:26:25,734 [Worker-27: Launching 01.SpringCloud-ActiveMQProducerApp - Application] INFO  o.a.m.s.f.DefaultMavenResourcesFiltering - Copying 0 resource from src\main\resources to target\classes
2024-02-13 23:26:25,737 [Worker-27: Launching 01.SpringCloud-ActiveMQProducerApp - Application] INFO  o.a.m.s.f.DefaultMavenResourcesFiltering - skip non existing resourceDirectory E:\Workspace_SBMS_Raghu\08. Message Queue\01.SpringCloud-ActiveMQProducerApp\src\test\resources
2024-02-13 23:28:13,639 [Worker-36: Import Getting Started Content] INFO  o.e.m.c.i.l.LifecycleMappingFactory - Using org.eclipse.m2e.jdt.JarLifecycleMapping lifecycle mapping for MavenProject: org.nadim:01.SpringCloud-ActiveMQConsumerApp:0.0.1-SNAPSHOT @ E:\Workspace_SBMS_Raghu\08. Message Queue\01.SpringCloud-ActiveMQConsumerApp\pom.xml.
2024-02-13 23:28:14,623 [Worker-36: Import Getting Started Content] INFO  o.e.m.j.i.AbstractJavaProjectConfigurator - Adding source folder /01.SpringCloud-ActiveMQConsumerApp/src/main/java
2024-02-13 23:28:14,624 [Worker-36: Import Getting Started Content] INFO  o.e.m.j.i.AbstractJavaProjectConfigurator - Adding resource folder /01.SpringCloud-ActiveMQConsumerApp/src/main/resources
2024-02-13 23:28:14,714 [Worker-36: Import Getting Started Content] INFO  o.e.m.j.i.AbstractJavaProjectConfigurator - Adding resource folder /01.SpringCloud-ActiveMQConsumerApp/src/main/resources
2024-02-13 23:28:14,720 [Worker-36: Import Getting Started Content] INFO  o.e.m.j.i.AbstractJavaProjectConfigurator - Adding source folder /01.SpringCloud-ActiveMQConsumerApp/src/test/java
2024-02-13 23:28:14,720 [Worker-36: Import Getting Started Content] INFO  o.e.m.j.i.AbstractJavaProjectConfigurator - Adding resource folder /01.SpringCloud-ActiveMQConsumerApp/src/test/resources
2024-02-13 23:28:15,408 [Worker-36: Import Getting Started Content] INFO  o.e.m.c.i.p.ProjectConfigurationManager - Imported and configured 1 project(s) in 2 sec
2024-02-13 23:28:15,411 [Worker-36: Import Getting Started Content] INFO  o.e.m.c.i.p.ProjectConfigurationManager - Update started
2024-02-13 23:28:16,194 [Worker-36: Import Getting Started Content] INFO  o.e.m.c.i.l.LifecycleMappingFactory - Using org.eclipse.m2e.jdt.JarLifecycleMapping lifecycle mapping for MavenProject: org.nadim:01.SpringCloud-ActiveMQConsumerApp:0.0.1-SNAPSHOT @ E:\Workspace_SBMS_Raghu\08. Message Queue\01.SpringCloud-ActiveMQConsumerApp\pom.xml.
2024-02-13 23:28:17,055 [Worker-36: Import Getting Started Content] INFO  o.e.m.j.i.AbstractJavaProjectConfigurator - Adding source folder /01.SpringCloud-ActiveMQConsumerApp/src/main/java
2024-02-13 23:28:17,055 [Worker-36: Import Getting Started Content] INFO  o.e.m.j.i.AbstractJavaProjectConfigurator - Adding resource folder /01.SpringCloud-ActiveMQConsumerApp/src/main/resources
2024-02-13 23:28:17,056 [Worker-36: Import Getting Started Content] INFO  o.e.m.j.i.AbstractJavaProjectConfigurator - Adding resource folder /01.SpringCloud-ActiveMQConsumerApp/src/main/resources
2024-02-13 23:28:17,057 [Worker-36: Import Getting Started Content] INFO  o.e.m.j.i.AbstractJavaProjectConfigurator - Adding source folder /01.SpringCloud-ActiveMQConsumerApp/src/test/java
2024-02-13 23:28:17,057 [Worker-36: Import Getting Started Content] INFO  o.e.m.j.i.AbstractJavaProjectConfigurator - Adding resource folder /01.SpringCloud-ActiveMQConsumerApp/src/test/resources
2024-02-13 23:28:17,429 [Worker-36: Import Getting Started Content] INFO  o.e.m.c.i.p.ProjectConfigurationManager - Update completed for 1 poms: local refresh takes 0.00 sec, refresh facades takes 1.00 sec, update config takes 0.00 sec 
2024-02-13 23:28:18,055 [Worker-36: Building] INFO  o.a.m.s.f.DefaultMavenResourcesFiltering - Copying 1 resource from src\main\resources to target\classes
2024-02-13 23:28:18,109 [Worker-36: Building] INFO  o.a.m.s.f.DefaultMavenResourcesFiltering - Copying 0 resource from src\main\resources to target\classes
2024-02-13 23:28:18,115 [Worker-36: Building] INFO  o.a.m.s.f.DefaultMavenResourcesFiltering - skip non existing resourceDirectory E:\Workspace_SBMS_Raghu\08. Message Queue\01.SpringCloud-ActiveMQConsumerApp\src\test\resources
2024-02-13 23:28:57,590 [Worker-36: Building] INFO  o.e.m.c.i.l.LifecycleMappingFactory - Using org.eclipse.m2e.jdt.JarLifecycleMapping lifecycle mapping for MavenProject: org.nadim:01.SpringCloud-ActiveMQConsumerApp:0.0.1-SNAPSHOT @ E:\Workspace_SBMS_Raghu\08. Message Queue\02.SpringCloud-ActiveMQConsumerApp\pom.xml.
2024-02-13 23:28:58,554 [Worker-36: Building] INFO  o.a.m.s.f.DefaultMavenResourcesFiltering - Copying 1 resource from src\main\resources to target\classes
2024-02-13 23:28:58,579 [Worker-36: Building] INFO  o.a.m.s.f.DefaultMavenResourcesFiltering - Copying 0 resource from src\main\resources to target\classes
2024-02-13 23:28:58,585 [Worker-36: Building] INFO  o.a.m.s.f.DefaultMavenResourcesFiltering - skip non existing resourceDirectory E:\Workspace_SBMS_Raghu\08. Message Queue\02.SpringCloud-ActiveMQConsumerApp\src\test\resources
2024-02-13 23:29:32,827 [Worker-37: Building] INFO  o.a.m.s.f.DefaultMavenResourcesFiltering - Copying 1 resource from src\main\resources to target\classes
2024-02-13 23:29:32,829 [Worker-37: Building] INFO  o.a.m.s.f.DefaultMavenResourcesFiltering - Copying 0 resource from src\main\resources to target\classes
2024-02-13 23:29:32,833 [Worker-37: Building] INFO  o.a.m.s.f.DefaultMavenResourcesFiltering - skip non existing resourceDirectory E:\Workspace_SBMS_Raghu\08. Message Queue\02.SpringCloud-ActiveMQConsumerApp\src\test\resources
2024-02-13 23:31:04,768 [Worker-32: Building] INFO  o.a.m.s.f.DefaultMavenResourcesFiltering - Copying 1 resource from src\main\resources to target\classes
2024-02-13 23:31:04,777 [Worker-32: Building] INFO  o.a.m.s.f.DefaultMavenResourcesFiltering - Copying 0 resource from src\main\resources to target\classes
2024-02-13 23:31:04,780 [Worker-32: Building] INFO  o.a.m.s.f.DefaultMavenResourcesFiltering - skip non existing resourceDirectory E:\Workspace_SBMS_Raghu\08. Message Queue\02.SpringCloud-ActiveMQConsumerApp\src\test\resources
2024-02-13 23:31:25,125 [Worker-36: Building] INFO  o.a.m.s.f.DefaultMavenResourcesFiltering - Copying 1 resource from src\main\resources to target\classes
2024-02-13 23:31:25,134 [Worker-36: Building] INFO  o.a.m.s.f.DefaultMavenResourcesFiltering - Copying 0 resource from src\main\resources to target\classes
2024-02-13 23:31:25,137 [Worker-36: Building] INFO  o.a.m.s.f.DefaultMavenResourcesFiltering - skip non existing resourceDirectory E:\Workspace_SBMS_Raghu\08. Message Queue\02.SpringCloud-ActiveMQConsumerApp\src\test\resources
2024-02-13 23:31:55,133 [Worker-35: Building] INFO  o.a.m.s.f.DefaultMavenResourcesFiltering - Copying 1 resource from src\main\resources to target\classes
2024-02-13 23:31:55,145 [Worker-35: Building] INFO  o.a.m.s.f.DefaultMavenResourcesFiltering - Copying 0 resource from src\main\resources to target\classes
2024-02-13 23:31:55,149 [Worker-35: Building] INFO  o.a.m.s.f.DefaultMavenResourcesFiltering - skip non existing resourceDirectory E:\Workspace_SBMS_Raghu\08. Message Queue\02.SpringCloud-ActiveMQConsumerApp\src\test\resources
